<?xml version="1.0" encoding="UTF-8"?>
<!-- Generated by org.testng.reporters.JUnitReportReporter -->
<testsuite hostname="DESKTOP-HLI4FIQ" failures="0" tests="1" name="testsenarios.Testdemo1" time="17.206" errors="0" timestamp="2023-04-26T11:35:14 CDT" skipped="0">
  <testcase classname="testsenarios.Testdemo1" name="f" time="17.206"/>
  <system-out/>
</testsuite> <!-- testsenarios.Testdemo1 -->
