<?xml version="1.0" encoding="UTF-8"?>
<!-- Generated by org.testng.reporters.JUnitReportReporter -->
<testsuite hostname="DESKTOP-HLI4FIQ" failures="0" tests="1" name="testsenarios.Testdemo14" time="32.693" errors="0" timestamp="2023-04-29T12:06:00 CDT" skipped="0">
  <testcase classname="testsenarios.Testdemo14" name="f" time="32.693"/>
  <system-out/>
</testsuite> <!-- testsenarios.Testdemo14 -->
