<?xml version="1.0" encoding="UTF-8"?>
<!-- Generated by org.testng.reporters.JUnitReportReporter -->
<testsuite hostname="DESKTOP-HLI4FIQ" failures="0" tests="1" name="testsenarios.Testdemo4" time="19.963" errors="0" timestamp="2023-04-26T11:38:18 CDT" skipped="0">
  <testcase classname="testsenarios.Testdemo4" name="f" time="19.963"/>
  <system-out/>
</testsuite> <!-- testsenarios.Testdemo4 -->
