<?xml version="1.0" encoding="UTF-8"?>
<!-- Generated by org.testng.reporters.JUnitReportReporter -->
<testsuite hostname="DESKTOP-HLI4FIQ" failures="0" tests="1" name="testsenarios.Testdemo16" time="92.783" errors="0" timestamp="2023-04-29T14:37:09 CDT" skipped="0">
  <testcase classname="testsenarios.Testdemo16" name="f" time="92.783"/>
  <system-out/>
</testsuite> <!-- testsenarios.Testdemo16 -->
