<?xml version="1.0" encoding="UTF-8"?>
<!-- Generated by org.testng.reporters.JUnitReportReporter -->
<testsuite hostname="DESKTOP-HLI4FIQ" failures="0" tests="1" name="testsenarios.Testdemo3" time="16.379" errors="0" timestamp="2023-04-26T11:37:21 CDT" skipped="0">
  <testcase classname="testsenarios.Testdemo3" name="f" time="16.379"/>
  <system-out/>
</testsuite> <!-- testsenarios.Testdemo3 -->
