<?xml version="1.0" encoding="UTF-8"?>
<!-- Generated by org.testng.reporters.JUnitReportReporter -->
<testsuite hostname="DESKTOP-HLI4FIQ" failures="0" tests="1" name="dataDrivenFramework.Login_pageAssign13" time="16.863" errors="0" timestamp="2023-05-13T03:22:51 CDT" skipped="0">
  <testcase classname="dataDrivenFramework.Login_pageAssign13" name="f" time="16.863"/>
  <system-out/>
</testsuite> <!-- dataDrivenFramework.Login_pageAssign13 -->
