<?xml version="1.0" encoding="UTF-8"?>
<!-- Generated by org.testng.reporters.JUnitReportReporter -->
<testsuite hostname="DESKTOP-HLI4FIQ" failures="0" tests="1" name="testsenarios.Testdemo6" time="17.383" errors="0" timestamp="2023-04-26T11:41:46 CDT" skipped="0">
  <testcase classname="testsenarios.Testdemo6" name="f" time="17.383"/>
  <system-out/>
</testsuite> <!-- testsenarios.Testdemo6 -->
