<?xml version="1.0" encoding="UTF-8"?>
<!-- Generated by org.testng.reporters.JUnitReportReporter -->
<testsuite hostname="DESKTOP-HLI4FIQ" failures="0" tests="1" name="testsenarios.Testdemo15" time="27.460" errors="0" timestamp="2023-04-29T11:51:10 CDT" skipped="0">
  <testcase classname="testsenarios.Testdemo15" name="f" time="27.460"/>
  <system-out/>
</testsuite> <!-- testsenarios.Testdemo15 -->
