<?xml version="1.0" encoding="UTF-8"?>
<!-- Generated by org.testng.reporters.JUnitReportReporter -->
<testsuite hostname="DESKTOP-HLI4FIQ" failures="0" tests="1" name="dataDrivenFramework.Login_pageAssign13" time="18.346" errors="0" timestamp="2023-05-13T16:33:22 CDT" skipped="0">
  <testcase classname="dataDrivenFramework.Login_pageAssign13" name="f" time="18.346"/>
  <system-out/>
</testsuite> <!-- dataDrivenFramework.Login_pageAssign13 -->
