<?xml version="1.0" encoding="UTF-8"?>
<!-- Generated by org.testng.reporters.JUnitReportReporter -->
<testsuite hostname="DESKTOP-HLI4FIQ" failures="0" tests="1" name="testsenarios.Testdemo2" time="18.316" errors="0" timestamp="2023-04-26T11:36:17 CDT" skipped="0">
  <testcase classname="testsenarios.Testdemo2" name="f" time="18.316"/>
  <system-out/>
</testsuite> <!-- testsenarios.Testdemo2 -->
