<?xml version="1.0" encoding="UTF-8"?>
<!-- Generated by org.testng.reporters.JUnitReportReporter -->
<testsuite hostname="DESKTOP-HLI4FIQ" failures="0" tests="1" name="dataDrivenFramework.WriteTheTestData" time="1.684" errors="0" timestamp="2023-05-14T02:03:51 CDT" skipped="0">
  <testcase classname="dataDrivenFramework.WriteTheTestData" name="f" time="1.684"/>
  <system-out/>
</testsuite> <!-- dataDrivenFramework.WriteTheTestData -->
