<?xml version="1.0" encoding="UTF-8"?>
<!-- Generated by org.testng.reporters.JUnitReportReporter -->
<testsuite hostname="DESKTOP-HLI4FIQ" failures="0" tests="1" name="testsenarios.Testdemo9" time="24.599" errors="0" timestamp="2023-05-01T19:20:36 CDT" skipped="0">
  <testcase classname="testsenarios.Testdemo9" name="f" time="24.599"/>
  <system-out/>
</testsuite> <!-- testsenarios.Testdemo9 -->
