<?xml version="1.0" encoding="UTF-8"?>
<!-- Generated by org.testng.reporters.JUnitReportReporter -->
<testsuite hostname="DESKTOP-HLI4FIQ" failures="0" tests="1" name="testsenarios.Testdemo17" time="42.668" errors="0" timestamp="2023-04-29T14:15:18 CDT" skipped="0">
  <testcase classname="testsenarios.Testdemo17" name="f" time="42.668"/>
  <system-out/>
</testsuite> <!-- testsenarios.Testdemo17 -->
